TN:
SF:dao\categoryDAO.js
FN:6,(anonymous_0)
FN:10,(anonymous_1)
FN:14,(anonymous_2)
FN:19,(anonymous_3)
FN:27,(anonymous_4)
FN:37,(anonymous_5)
FNF:6
FNH:0
FNDA:0,(anonymous_0)
FNDA:0,(anonymous_1)
FNDA:0,(anonymous_2)
FNDA:0,(anonymous_3)
FNDA:0,(anonymous_4)
FNDA:0,(anonymous_5)
DA:7,0
DA:11,0
DA:15,0
DA:16,0
DA:20,0
DA:28,0
DA:29,0
DA:32,0
DA:33,0
DA:38,0
DA:40,0
DA:41,0
DA:46,0
LF:13
LH:0
BRDA:28,0,0,0
BRDA:28,0,1,0
BRDA:40,1,0,0
BRDA:40,1,1,0
BRF:4
BRH:0
end_of_record
TN:
SF:dao\productDAO.js
FN:8,(anonymous_0)
FN:11,(anonymous_1)
FN:20,(anonymous_2)
FN:31,(anonymous_3)
FN:42,(anonymous_4)
FN:54,(anonymous_5)
FN:59,(anonymous_6)
FN:62,(anonymous_7)
FN:67,(anonymous_8)
FNF:9
FNH:0
FNDA:0,(anonymous_0)
FNDA:0,(anonymous_1)
FNDA:0,(anonymous_2)
FNDA:0,(anonymous_3)
FNDA:0,(anonymous_4)
FNDA:0,(anonymous_5)
FNDA:0,(anonymous_6)
FNDA:0,(anonymous_7)
FNDA:0,(anonymous_8)
DA:9,0
DA:12,0
DA:13,0
DA:16,0
DA:18,0
DA:21,0
DA:22,0
DA:25,0
DA:27,0
DA:33,0
DA:41,0
DA:43,0
DA:44,0
DA:51,0
DA:55,0
DA:60,0
DA:63,0
DA:64,0
DA:68,0
LF:19
LH:0
BRDA:12,0,0,0
BRDA:12,0,1,0
BRDA:21,1,0,0
BRDA:21,1,1,0
BRDA:46,2,0,0
BRDA:46,2,1,0
BRF:6
BRH:0
end_of_record
TN:
SF:dao\userDAO.js
FN:5,(anonymous_0)
FN:8,(anonymous_1)
FN:11,(anonymous_2)
FN:14,(anonymous_3)
FN:17,(anonymous_4)
FN:20,(anonymous_5)
FN:27,(anonymous_6)
FN:35,(anonymous_7)
FNF:8
FNH:0
FNDA:0,(anonymous_0)
FNDA:0,(anonymous_1)
FNDA:0,(anonymous_2)
FNDA:0,(anonymous_3)
FNDA:0,(anonymous_4)
FNDA:0,(anonymous_5)
FNDA:0,(anonymous_6)
FNDA:0,(anonymous_7)
DA:6,0
DA:9,0
DA:12,0
DA:15,0
DA:18,0
DA:21,0
DA:22,0
DA:24,0
DA:25,0
DA:28,0
DA:29,0
DA:30,0
DA:31,0
DA:33,0
DA:36,0
LF:15
LH:0
BRDA:21,0,0,0
BRDA:21,0,1,0
BRDA:21,1,0,0
BRDA:21,1,1,0
BRDA:28,2,0,0
BRDA:28,2,1,0
BRDA:30,3,0,0
BRDA:30,3,1,0
BRF:8
BRH:0
end_of_record
TN:
SF:models\categoryModel.js
FNF:0
FNH:0
DA:3,1
DA:10,1
LF:2
LH:2
BRF:0
BRH:0
end_of_record
TN:
SF:models\productModel.js
FNF:0
FNH:0
DA:3,1
DA:24,1
LF:2
LH:2
BRF:0
BRH:0
end_of_record
TN:
SF:models\roleModel.js
FNF:0
FNH:0
DA:3,1
DA:17,1
LF:2
LH:2
BRF:0
BRH:0
end_of_record
TN:
SF:models\stockModel.js
FNF:0
FNH:0
DA:3,1
DA:19,1
LF:2
LH:2
BRF:0
BRH:0
end_of_record
TN:
SF:models\userModel.js
FN:28,(anonymous_0)
FNF:1
FNH:0
FNDA:0,(anonymous_0)
DA:4,1
DA:28,1
DA:29,0
DA:31,0
DA:32,0
DA:33,0
DA:34,0
DA:36,0
DA:40,1
LF:9
LH:3
BRDA:29,0,0,0
BRDA:29,0,1,0
BRF:2
BRH:0
end_of_record
TN:
SF:services\categoryService.js
FN:6,(anonymous_0)
FN:10,(anonymous_1)
FN:18,(anonymous_2)
FN:24,(anonymous_3)
FN:36,(anonymous_4)
FN:42,(anonymous_5)
FN:54,(anonymous_6)
FN:59,(anonymous_7)
FNF:8
FNH:8
FNDA:1,(anonymous_0)
FNDA:2,(anonymous_1)
FNDA:2,(anonymous_2)
FNDA:1,(anonymous_3)
FNDA:1,(anonymous_4)
FNDA:1,(anonymous_5)
FNDA:3,(anonymous_6)
FNDA:1,(anonymous_7)
DA:7,1
DA:11,2
DA:12,2
DA:13,1
DA:15,1
DA:19,2
DA:20,0
DA:22,2
DA:24,2
DA:26,1
DA:29,2
DA:30,1
DA:32,1
DA:40,1
DA:42,1
DA:43,1
DA:45,1
DA:46,1
DA:48,1
DA:50,0
DA:56,3
DA:58,3
DA:59,1
DA:60,1
DA:65,2
DA:66,2
DA:67,1
DA:69,1
LF:28
LH:26
BRDA:12,0,0,1
BRDA:12,0,1,1
BRDA:19,1,0,0
BRDA:19,1,1,2
BRDA:29,2,0,1
BRDA:29,2,1,1
BRDA:45,3,0,1
BRDA:45,3,1,0
BRDA:56,4,0,3
BRDA:56,4,1,0
BRDA:58,5,0,1
BRDA:58,5,1,2
BRDA:66,6,0,1
BRDA:66,6,1,1
BRF:14
BRH:11
end_of_record
TN:
SF:services\userService.js
FN:8,(anonymous_0)
FN:15,(anonymous_1)
FN:22,(anonymous_2)
FN:56,(anonymous_3)
FN:61,(anonymous_4)
FN:103,(anonymous_5)
FNF:6
FNH:5
FNDA:2,(anonymous_0)
FNDA:2,(anonymous_1)
FNDA:2,(anonymous_2)
FNDA:0,(anonymous_3)
FNDA:2,(anonymous_4)
FNDA:1,(anonymous_5)
DA:9,2
DA:10,2
DA:11,1
DA:16,2
DA:17,2
DA:18,1
DA:23,2
DA:24,2
DA:25,1
DA:28,1
DA:29,0
DA:31,1
DA:35,0
DA:39,1
DA:40,1
DA:44,1
DA:45,1
DA:47,1
DA:51,1
DA:57,0
DA:62,2
DA:63,2
DA:64,2
DA:66,2
DA:70,0
DA:74,2
DA:75,2
DA:76,0
DA:79,2
DA:83,2
DA:85,1
DA:89,1
DA:92,1
DA:93,1
DA:95,1
DA:96,1
DA:98,1
DA:104,1
LF:38
LH:33
BRDA:10,0,0,1
BRDA:10,0,1,1
BRDA:17,1,0,1
BRDA:17,1,1,1
BRDA:24,2,0,1
BRDA:24,2,1,1
BRDA:28,3,0,0
BRDA:28,3,1,1
BRDA:31,4,0,0
BRDA:31,4,1,1
BRDA:32,5,0,1
BRDA:32,5,1,0
BRDA:64,6,0,0
BRDA:64,6,1,2
BRDA:66,7,0,0
BRDA:66,7,1,2
BRDA:67,8,0,2
BRDA:67,8,1,0
BRDA:74,9,0,2
BRDA:74,9,1,0
BRDA:75,10,0,0
BRDA:75,10,1,2
BRDA:83,11,0,1
BRDA:83,11,1,1
BRDA:95,12,0,0
BRDA:95,12,1,1
BRF:26
BRH:17
end_of_record
