TN:
SF:dao\categoryDAO.js
FN:6,(anonymous_0)
FN:10,(anonymous_1)
FN:14,(anonymous_2)
FN:19,(anonymous_3)
FN:27,(anonymous_4)
FN:37,(anonymous_5)
FNF:6
FNH:0
FNDA:0,(anonymous_0)
FNDA:0,(anonymous_1)
FNDA:0,(anonymous_2)
FNDA:0,(anonymous_3)
FNDA:0,(anonymous_4)
FNDA:0,(anonymous_5)
DA:7,0
DA:11,0
DA:15,0
DA:16,0
DA:20,0
DA:28,0
DA:29,0
DA:32,0
DA:33,0
DA:38,0
DA:40,0
DA:41,0
DA:46,0
LF:13
LH:0
BRDA:28,0,0,0
BRDA:28,0,1,0
BRDA:40,1,0,0
BRDA:40,1,1,0
BRF:4
BRH:0
end_of_record
TN:
SF:dao\orderDAO.js
FN:5,(anonymous_0)
FN:10,(anonymous_1)
FN:15,(anonymous_2)
FN:20,(anonymous_3)
FN:53,(anonymous_4)
FN:61,(anonymous_5)
FN:66,(anonymous_6)
FNF:7
FNH:0
FNDA:0,(anonymous_0)
FNDA:0,(anonymous_1)
FNDA:0,(anonymous_2)
FNDA:0,(anonymous_3)
FNDA:0,(anonymous_4)
FNDA:0,(anonymous_5)
FNDA:0,(anonymous_6)
DA:6,0
DA:11,0
DA:16,0
DA:21,0
DA:48,0
DA:49,0
DA:54,0
DA:62,0
DA:67,0
LF:9
LH:0
BRDA:66,0,0,0
BRF:1
BRH:0
end_of_record
TN:
SF:dao\orderDetailsDAO.js
FN:4,(anonymous_0)
FN:10,(anonymous_1)
FN:16,(anonymous_2)
FN:21,(anonymous_3)
FN:28,(anonymous_4)
FNF:5
FNH:0
FNDA:0,(anonymous_0)
FNDA:0,(anonymous_1)
FNDA:0,(anonymous_2)
FNDA:0,(anonymous_3)
FNDA:0,(anonymous_4)
DA:5,0
DA:11,0
DA:17,0
DA:18,0
DA:22,0
DA:29,0
LF:6
LH:0
BRF:0
BRH:0
end_of_record
TN:
SF:dao\productDAO.js
FN:8,(anonymous_0)
FN:11,(anonymous_1)
FN:20,(anonymous_2)
FN:31,(anonymous_3)
FN:42,(anonymous_4)
FN:54,(anonymous_5)
FN:59,(anonymous_6)
FN:62,(anonymous_7)
FN:67,(anonymous_8)
FNF:9
FNH:0
FNDA:0,(anonymous_0)
FNDA:0,(anonymous_1)
FNDA:0,(anonymous_2)
FNDA:0,(anonymous_3)
FNDA:0,(anonymous_4)
FNDA:0,(anonymous_5)
FNDA:0,(anonymous_6)
FNDA:0,(anonymous_7)
FNDA:0,(anonymous_8)
DA:9,0
DA:12,0
DA:13,0
DA:16,0
DA:18,0
DA:21,0
DA:22,0
DA:25,0
DA:27,0
DA:33,0
DA:41,0
DA:43,0
DA:44,0
DA:51,0
DA:55,0
DA:60,0
DA:63,0
DA:64,0
DA:68,0
LF:19
LH:0
BRDA:12,0,0,0
BRDA:12,0,1,0
BRDA:21,1,0,0
BRDA:21,1,1,0
BRDA:46,2,0,0
BRDA:46,2,1,0
BRF:6
BRH:0
end_of_record
TN:
SF:dao\roleDAO.js
FN:4,(anonymous_0)
FN:8,(anonymous_1)
FN:12,(anonymous_2)
FN:17,(anonymous_3)
FN:24,(anonymous_4)
FNF:5
FNH:5
FNDA:1,(anonymous_0)
FNDA:2,(anonymous_1)
FNDA:2,(anonymous_2)
FNDA:2,(anonymous_3)
FNDA:2,(anonymous_4)
DA:5,1
DA:9,2
DA:13,2
DA:14,2
DA:18,2
DA:25,2
LF:6
LH:6
BRF:0
BRH:0
end_of_record
TN:
SF:dao\stockDAO.js
FN:5,(anonymous_0)
FN:8,(anonymous_1)
FN:26,(anonymous_2)
FN:28,(anonymous_3)
FN:36,(anonymous_4)
FN:40,(anonymous_5)
FN:44,(anonymous_6)
FN:49,(anonymous_7)
FN:56,(anonymous_8)
FN:63,(anonymous_9)
FN:66,(anonymous_10)
FN:70,(anonymous_11)
FNF:12
FNH:0
FNDA:0,(anonymous_0)
FNDA:0,(anonymous_1)
FNDA:0,(anonymous_2)
FNDA:0,(anonymous_3)
FNDA:0,(anonymous_4)
FNDA:0,(anonymous_5)
FNDA:0,(anonymous_6)
FNDA:0,(anonymous_7)
FNDA:0,(anonymous_8)
FNDA:0,(anonymous_9)
FNDA:0,(anonymous_10)
FNDA:0,(anonymous_11)
DA:6,0
DA:10,0
DA:23,0
DA:26,0
DA:27,0
DA:28,0
DA:30,0
DA:33,0
DA:37,0
DA:41,0
DA:45,0
DA:46,0
DA:50,0
DA:57,0
DA:64,0
DA:67,0
DA:71,0
LF:17
LH:0
BRDA:73,0,0,0
BRDA:73,0,1,0
BRF:2
BRH:0
end_of_record
TN:
SF:dao\stockLogDAO.js
FN:4,(anonymous_0)
FN:7,(anonymous_1)
FN:11,(anonymous_2)
FN:14,(anonymous_3)
FN:17,(anonymous_4)
FN:22,(anonymous_5)
FN:29,(anonymous_6)
FNF:7
FNH:0
FNDA:0,(anonymous_0)
FNDA:0,(anonymous_1)
FNDA:0,(anonymous_2)
FNDA:0,(anonymous_3)
FNDA:0,(anonymous_4)
FNDA:0,(anonymous_5)
FNDA:0,(anonymous_6)
DA:5,0
DA:8,0
DA:12,0
DA:15,0
DA:18,0
DA:19,0
DA:23,0
DA:30,0
LF:8
LH:0
BRF:0
BRH:0
end_of_record
TN:
SF:dao\userDAO.js
FN:5,(anonymous_0)
FN:8,(anonymous_1)
FN:11,(anonymous_2)
FN:14,(anonymous_3)
FN:17,(anonymous_4)
FN:20,(anonymous_5)
FN:27,(anonymous_6)
FN:35,(anonymous_7)
FNF:8
FNH:0
FNDA:0,(anonymous_0)
FNDA:0,(anonymous_1)
FNDA:0,(anonymous_2)
FNDA:0,(anonymous_3)
FNDA:0,(anonymous_4)
FNDA:0,(anonymous_5)
FNDA:0,(anonymous_6)
FNDA:0,(anonymous_7)
DA:6,0
DA:9,0
DA:12,0
DA:15,0
DA:18,0
DA:21,0
DA:22,0
DA:24,0
DA:25,0
DA:28,0
DA:29,0
DA:30,0
DA:31,0
DA:33,0
DA:36,0
LF:15
LH:0
BRDA:21,0,0,0
BRDA:21,0,1,0
BRDA:21,1,0,0
BRDA:21,1,1,0
BRDA:28,2,0,0
BRDA:28,2,1,0
BRDA:30,3,0,0
BRDA:30,3,1,0
BRF:8
BRH:0
end_of_record
TN:
SF:middlewares\authMiddleware.js
FN:3,(anonymous_0)
FNF:1
FNH:1
FNDA:3,(anonymous_0)
DA:3,1
DA:4,3
DA:5,3
DA:6,1
DA:9,2
DA:10,2
DA:11,1
DA:12,1
DA:14,1
LF:9
LH:9
BRDA:5,0,0,1
BRDA:5,0,1,2
BRF:2
BRH:2
end_of_record
TN:
SF:models\categoryModel.js
FNF:0
FNH:0
DA:3,1
DA:10,1
LF:2
LH:2
BRF:0
BRH:0
end_of_record
TN:
SF:models\orderDetailsModel.js
FNF:0
FNH:0
DA:3,1
DA:36,1
LF:2
LH:2
BRF:0
BRH:0
end_of_record
TN:
SF:models\orderModel.js
FNF:0
FNH:0
DA:3,3
DA:34,3
LF:2
LH:2
BRF:0
BRH:0
end_of_record
TN:
SF:models\productModel.js
FNF:0
FNH:0
DA:3,2
DA:24,2
LF:2
LH:2
BRF:0
BRH:0
end_of_record
TN:
SF:models\roleModel.js
FNF:0
FNH:0
DA:3,5
DA:15,5
LF:2
LH:2
BRF:0
BRH:0
end_of_record
TN:
SF:models\stockLogModel.js
FNF:0
FNH:0
DA:3,3
DA:32,3
LF:2
LH:2
BRF:0
BRH:0
end_of_record
TN:
SF:models\stockModel.js
FNF:0
FNH:0
DA:3,3
DA:19,3
LF:2
LH:2
BRF:0
BRH:0
end_of_record
TN:
SF:models\userModel.js
FN:28,(anonymous_0)
FNF:1
FNH:1
FNDA:4,(anonymous_0)
DA:4,5
DA:28,5
DA:29,4
DA:31,3
DA:32,3
DA:33,3
DA:34,3
DA:36,0
DA:40,5
LF:9
LH:8
BRDA:29,0,0,1
BRDA:29,0,1,3
BRF:2
BRH:2
end_of_record
TN:
SF:services\categoryService.js
FN:6,(anonymous_0)
FN:10,(anonymous_1)
FN:18,(anonymous_2)
FN:24,(anonymous_3)
FN:36,(anonymous_4)
FN:42,(anonymous_5)
FN:54,(anonymous_6)
FN:59,(anonymous_7)
FNF:8
FNH:8
FNDA:1,(anonymous_0)
FNDA:2,(anonymous_1)
FNDA:2,(anonymous_2)
FNDA:1,(anonymous_3)
FNDA:1,(anonymous_4)
FNDA:1,(anonymous_5)
FNDA:3,(anonymous_6)
FNDA:1,(anonymous_7)
DA:7,1
DA:11,2
DA:12,2
DA:13,1
DA:15,1
DA:19,2
DA:20,0
DA:22,2
DA:24,2
DA:26,1
DA:29,2
DA:30,1
DA:32,1
DA:40,1
DA:42,1
DA:43,1
DA:45,1
DA:46,1
DA:48,1
DA:50,0
DA:56,3
DA:58,3
DA:59,1
DA:60,1
DA:65,2
DA:66,2
DA:67,1
DA:69,1
LF:28
LH:26
BRDA:12,0,0,1
BRDA:12,0,1,1
BRDA:19,1,0,0
BRDA:19,1,1,2
BRDA:29,2,0,1
BRDA:29,2,1,1
BRDA:45,3,0,1
BRDA:45,3,1,0
BRDA:56,4,0,3
BRDA:56,4,1,0
BRDA:58,5,0,1
BRDA:58,5,1,2
BRDA:66,6,0,1
BRDA:66,6,1,1
BRF:14
BRH:11
end_of_record
TN:
SF:services\orderDetailsService.js
FN:6,(anonymous_0)
FN:21,(anonymous_1)
FN:25,(anonymous_2)
FN:33,(anonymous_3)
FN:44,(anonymous_4)
FNF:5
FNH:5
FNDA:2,(anonymous_0)
FNDA:1,(anonymous_1)
FNDA:2,(anonymous_2)
FNDA:2,(anonymous_3)
FNDA:2,(anonymous_4)
DA:7,2
DA:8,2
DA:9,1
DA:12,1
DA:14,1
DA:16,1
DA:17,1
DA:22,1
DA:26,2
DA:27,2
DA:28,1
DA:30,1
DA:34,2
DA:38,2
DA:39,1
DA:41,1
DA:45,2
DA:46,2
DA:47,1
DA:49,1
LF:20
LH:20
BRDA:8,0,0,1
BRDA:8,0,1,1
BRDA:27,1,0,1
BRDA:27,1,1,1
BRDA:38,2,0,1
BRDA:38,2,1,1
BRDA:46,3,0,1
BRDA:46,3,1,1
BRF:8
BRH:8
end_of_record
TN:
SF:services\orderService.js
FN:6,(anonymous_0)
FN:11,(anonymous_1)
FN:20,(anonymous_2)
FN:25,(anonymous_3)
FN:45,(anonymous_4)
FN:71,(anonymous_5)
FN:80,(anonymous_6)
FN:94,(anonymous_7)
FNF:8
FNH:7
FNDA:2,(anonymous_0)
FNDA:4,(anonymous_1)
FNDA:2,(anonymous_2)
FNDA:4,(anonymous_3)
FNDA:0,(anonymous_4)
FNDA:4,(anonymous_5)
FNDA:2,(anonymous_6)
FNDA:4,(anonymous_7)
DA:7,2
DA:12,4
DA:13,4
DA:14,2
DA:16,2
DA:21,2
DA:26,4
DA:28,4
DA:29,4
DA:30,2
DA:33,2
DA:45,0
DA:62,2
DA:63,2
DA:65,2
DA:66,2
DA:72,4
DA:73,4
DA:74,2
DA:76,2
DA:81,2
DA:82,2
DA:88,0
DA:89,0
DA:95,4
DA:96,4
DA:97,2
DA:99,2
LF:28
LH:25
BRDA:13,0,0,2
BRDA:13,0,1,2
BRDA:29,1,0,2
BRDA:29,1,1,2
BRDA:53,2,0,0
BRDA:53,2,1,2
BRDA:73,3,0,2
BRDA:73,3,1,2
BRDA:96,4,0,2
BRDA:96,4,1,2
BRF:10
BRH:9
end_of_record
TN:
SF:services\productService.js
FN:9,(anonymous_0)
FN:14,(anonymous_1)
FN:24,(anonymous_2)
FN:123,(anonymous_3)
FN:154,(anonymous_4)
FNF:5
FNH:5
FNDA:1,(anonymous_0)
FNDA:2,(anonymous_1)
FNDA:2,(anonymous_2)
FNDA:2,(anonymous_3)
FNDA:2,(anonymous_4)
DA:10,1
DA:15,2
DA:16,2
DA:17,2
DA:18,1
DA:20,1
DA:25,2
DA:27,2
DA:36,2
DA:39,2
DA:43,0
DA:47,2
DA:51,0
DA:53,2
DA:57,0
DA:59,2
DA:63,0
DA:67,2
DA:68,2
DA:69,1
DA:70,1
DA:71,0
DA:74,0
DA:79,1
DA:85,1
DA:91,1
DA:95,1
DA:99,1
DA:101,1
DA:107,1
DA:113,1
DA:115,0
DA:116,0
DA:124,2
DA:125,2
DA:134,2
DA:138,0
DA:141,2
DA:145,2
DA:146,1
DA:150,1
DA:155,2
DA:156,2
DA:158,2
DA:159,0
DA:162,2
DA:168,2
DA:169,2
DA:171,2
DA:172,1
DA:176,1
LF:51
LH:41
BRDA:17,0,0,1
BRDA:17,0,1,1
BRDA:39,1,0,0
BRDA:39,1,1,2
BRDA:40,2,0,2
BRDA:40,2,1,2
BRDA:47,3,0,0
BRDA:47,3,1,2
BRDA:48,4,0,2
BRDA:48,4,1,2
BRDA:53,5,0,0
BRDA:53,5,1,2
BRDA:54,6,0,2
BRDA:54,6,1,2
BRDA:59,7,0,0
BRDA:59,7,1,2
BRDA:60,8,0,2
BRDA:60,8,1,2
BRDA:68,9,0,1
BRDA:68,9,1,1
BRDA:70,10,0,0
BRDA:70,10,1,1
BRDA:134,11,0,0
BRDA:134,11,1,2
BRDA:135,12,0,2
BRDA:135,12,1,1
BRDA:145,13,0,1
BRDA:145,13,1,1
BRDA:158,14,0,0
BRDA:158,14,1,2
BRDA:171,15,0,1
BRDA:171,15,1,1
BRF:32
BRH:25
end_of_record
TN:
SF:services\roleService.js
FN:5,(anonymous_0)
FN:9,(anonymous_1)
FN:17,(anonymous_2)
FN:24,(anonymous_3)
FN:40,(anonymous_4)
FNF:5
FNH:5
FNDA:1,(anonymous_0)
FNDA:2,(anonymous_1)
FNDA:2,(anonymous_2)
FNDA:2,(anonymous_3)
FNDA:2,(anonymous_4)
DA:6,1
DA:10,2
DA:11,2
DA:12,1
DA:14,1
DA:18,2
DA:19,1
DA:21,1
DA:26,2
DA:27,2
DA:28,1
DA:32,1
DA:37,1
DA:41,2
DA:42,2
DA:43,1
DA:47,1
DA:52,1
LF:18
LH:18
BRDA:11,0,0,1
BRDA:11,0,1,1
BRDA:18,1,0,1
BRDA:18,1,1,1
BRDA:27,2,0,1
BRDA:27,2,1,1
BRDA:42,3,0,1
BRDA:42,3,1,1
BRF:8
BRH:8
end_of_record
TN:
SF:services\stockLogService.js
FN:7,(anonymous_0)
FN:14,(anonymous_1)
FN:25,(anonymous_2)
FN:42,(anonymous_3)
FN:53,(anonymous_4)
FNF:5
FNH:5
FNDA:1,(anonymous_0)
FNDA:2,(anonymous_1)
FNDA:2,(anonymous_2)
FNDA:2,(anonymous_3)
FNDA:2,(anonymous_4)
DA:8,1
DA:15,2
DA:16,2
DA:17,1
DA:19,1
DA:26,2
DA:31,1
DA:36,1
DA:43,2
DA:44,2
DA:45,1
DA:47,1
DA:54,2
DA:55,2
DA:56,1
DA:58,1
LF:16
LH:16
BRDA:16,0,0,1
BRDA:16,0,1,1
BRDA:26,1,0,1
BRDA:26,1,1,1
BRDA:27,2,0,2
BRDA:27,2,1,1
BRDA:27,2,2,1
BRDA:44,3,0,1
BRDA:44,3,1,1
BRDA:55,4,0,1
BRDA:55,4,1,1
BRF:11
BRH:11
end_of_record
TN:
SF:services\stockService.js
FN:5,(anonymous_0)
FN:8,(anonymous_1)
FN:12,(anonymous_2)
FN:20,(anonymous_3)
FN:43,(anonymous_4)
FN:50,(anonymous_5)
FN:58,(anonymous_6)
FN:66,(anonymous_7)
FN:73,(anonymous_8)
FN:81,(anonymous_9)
FNF:10
FNH:10
FNDA:1,(anonymous_0)
FNDA:1,(anonymous_1)
FNDA:2,(anonymous_2)
FNDA:3,(anonymous_3)
FNDA:2,(anonymous_4)
FNDA:2,(anonymous_5)
FNDA:2,(anonymous_6)
FNDA:2,(anonymous_7)
FNDA:2,(anonymous_8)
FNDA:1,(anonymous_9)
DA:6,1
DA:9,1
DA:13,2
DA:14,2
DA:15,1
DA:17,1
DA:21,3
DA:22,1
DA:25,2
DA:27,2
DA:28,2
DA:29,2
DA:31,2
DA:32,1
DA:40,2
DA:44,2
DA:45,1
DA:47,1
DA:51,2
DA:52,2
DA:53,1
DA:55,1
DA:59,2
DA:60,2
DA:61,1
DA:63,1
DA:67,2
DA:68,2
DA:69,1
DA:71,1
DA:74,2
DA:75,2
DA:76,1
DA:78,1
DA:82,1
DA:83,1
DA:84,0
DA:87,1
DA:89,1
DA:90,1
DA:91,1
DA:93,1
DA:94,0
DA:97,1
DA:98,0
DA:100,1
DA:101,1
DA:103,1
DA:110,1
DA:112,1
DA:114,0
DA:115,0
LF:52
LH:47
BRDA:14,0,0,1
BRDA:14,0,1,1
BRDA:21,1,0,1
BRDA:21,1,1,2
BRDA:31,2,0,1
BRDA:31,2,1,1
BRDA:31,3,0,2
BRDA:31,3,1,2
BRDA:35,4,0,1
BRDA:35,4,1,0
BRDA:44,5,0,1
BRDA:44,5,1,1
BRDA:52,6,0,1
BRDA:52,6,1,1
BRDA:60,7,0,1
BRDA:60,7,1,1
BRDA:68,8,0,1
BRDA:68,8,1,1
BRDA:75,9,0,1
BRDA:75,9,1,1
BRDA:83,10,0,0
BRDA:83,10,1,1
BRDA:93,11,0,0
BRDA:93,11,1,1
BRDA:97,12,0,0
BRDA:97,12,1,1
BRF:26
BRH:22
end_of_record
TN:
SF:services\userService.js
FN:8,(anonymous_0)
FN:15,(anonymous_1)
FN:22,(anonymous_2)
FN:56,(anonymous_3)
FN:61,(anonymous_4)
FN:103,(anonymous_5)
FNF:6
FNH:5
FNDA:2,(anonymous_0)
FNDA:2,(anonymous_1)
FNDA:2,(anonymous_2)
FNDA:0,(anonymous_3)
FNDA:2,(anonymous_4)
FNDA:1,(anonymous_5)
DA:9,2
DA:10,2
DA:11,1
DA:16,2
DA:17,2
DA:18,1
DA:23,2
DA:24,2
DA:25,1
DA:28,1
DA:29,0
DA:31,1
DA:35,0
DA:39,1
DA:40,1
DA:44,1
DA:45,1
DA:47,1
DA:51,1
DA:57,0
DA:62,2
DA:63,2
DA:64,2
DA:66,2
DA:70,0
DA:74,2
DA:75,2
DA:76,0
DA:79,2
DA:83,2
DA:85,1
DA:89,1
DA:92,1
DA:93,1
DA:95,1
DA:96,1
DA:98,1
DA:104,1
LF:38
LH:33
BRDA:10,0,0,1
BRDA:10,0,1,1
BRDA:17,1,0,1
BRDA:17,1,1,1
BRDA:24,2,0,1
BRDA:24,2,1,1
BRDA:28,3,0,0
BRDA:28,3,1,1
BRDA:31,4,0,0
BRDA:31,4,1,1
BRDA:32,5,0,1
BRDA:32,5,1,0
BRDA:64,6,0,0
BRDA:64,6,1,2
BRDA:66,7,0,0
BRDA:66,7,1,2
BRDA:67,8,0,2
BRDA:67,8,1,0
BRDA:74,9,0,2
BRDA:74,9,1,0
BRDA:75,10,0,0
BRDA:75,10,1,2
BRDA:83,11,0,1
BRDA:83,11,1,1
BRDA:95,12,0,0
BRDA:95,12,1,1
BRF:26
BRH:17
end_of_record
